600 67 71880 40 282 202
0 33
1 36
2 31
3 55
4 2
5 48
6 51
7 57
8 27
9 36
10 24
11 44
12 38
13 35
14 38
15 56
16 29
17 36
18 29
19 34
20 18
21 65
22 5
23 56
24 22
25 38
26 42
27 4
28 59
29 9
30 23
31 40
32 57
33 50
34 3
35 39
36 8
37 35
38 19
39 28
40 22
41 43
42 57
43 63
44 58
45 7
46 14
47 44
48 9
49 49
50 21
51 54
52 11
53 9
54 15
55 20
56 8
57 48
58 45
59 17
60 1
61 66
62 43
63 48
64 22
65 53
66 29
67 54
68 63
69 35
70 2
71 24
72 9
73 4
74 27
75 54
76 33
77 11
78 23
79 63
80 2
81 6
82 60
83 19
84 55
85 12
86 38
87 15
88 62
89 53
90 20
91 44
92 54
93 46
94 33
95 47
96 51
97 0
98 65
99 48
100 24
101 49
102 16
103 6
104 0
105 0
106 60
107 56
108 17
109 15
110 42
111 16
112 6
113 17
114 10
115 29
116 23
117 2
118 25
119 5
120 13
121 17
122 15
123 3
124 15
125 1
126 63
127 20
128 13
129 14
130 3
131 48
132 3
133 58
134 50
135 31
136 11
137 25
138 10
139 29
140 13
141 14
142 38
143 8
144 45
145 10
146 37
147 52
148 51
149 32
150 40
151 34
152 2
153 46
154 51
155 46
156 41
157 47
158 4
159 41
160 7
161 11
162 13
163 47
164 16
165 5
166 27
167 14
168 15
169 26
170 4
171 41
172 39
173 63
174 47
175 0
176 9
177 50
178 30
179 15
180 19
181 61
182 31
183 62
184 8
185 25
186 51
187 25
188 6
189 40
190 5
191 44
192 7
193 60
194 3
195 14
196 13
197 19
198 21
199 28
200 12
201 40
202 13
203 15
204 20
205 5
206 32
207 8
208 26
209 4
210 51
211 11
212 6
213 46
214 10
215 6
216 3
217 30
218 55
219 47
220 27
221 31
222 34
223 9
224 21
225 35
226 2
227 40
228 5
229 8
230 6
231 46
232 47
233 44
234 27
235 49
236 35
237 51
238 27
239 43
240 53
241 33
242 20
243 25
244 18
245 26
246 2
247 52
248 13
249 36
250 27
251 62
252 18
253 2
254 24
255 19
256 35
257 39
258 6
259 2
260 13
261 58
262 28
263 1
264 17
265 25
266 57
267 24
268 0
269 39
270 36
271 25
272 3
273 26
274 30
275 31
276 15
277 38
278 31
279 61
280 32
281 9
282 41
283 22
284 59
285 16
286 48
287 66
288 34
289 7
290 19
291 28
292 30
293 54
294 57
295 31
296 29
297 8
298 61
299 32
300 33
301 42
302 52
303 26
304 26
305 6
306 26
307 36
308 46
309 7
310 11
311 4
312 14
313 34
314 40
315 37
316 50
317 35
318 37
319 30
320 36
321 47
322 57
323 56
324 19
325 39
326 52
327 39
328 40
329 26
330 12
331 24
332 0
333 49
334 27
335 58
336 1
337 8
338 30
339 17
340 25
341 14
342 55
343 4
344 34
345 52
346 41
347 21
348 8
349 55
350 34
351 16
352 61
353 2
354 40
355 7
356 7
357 19
358 19
359 5
360 48
361 50
362 12
363 25
364 1
365 53
366 5
367 49
368 23
369 47
370 16
371 28
372 10
373 29
374 22
375 43
376 12
377 1
378 16
379 30
380 35
381 11
382 50
383 37
384 2
385 12
386 12
387 6
388 12
389 8
390 18
391 14
392 10
393 24
394 32
395 9
396 12
397 14
398 49
399 15
400 28
401 61
402 26
403 7
404 20
405 32
406 32
407 46
408 54
409 10
410 20
411 24
412 45
413 58
414 56
415 56
416 6
417 52
418 54
419 55
420 5
421 45
422 62
423 56
424 17
425 21
426 23
427 18
428 38
429 18
430 24
431 30
432 12
433 0
434 2
435 0
436 41
437 20
438 49
439 56
440 41
441 1
442 28
443 40
444 51
445 59
446 26
447 3
448 53
449 2
450 47
451 64
452 42
453 53
454 39
455 54
456 27
457 38
458 0
459 17
460 11
461 64
462 0
463 42
464 32
465 24
466 16
467 11
468 13
469 38
470 34
471 56
472 42
473 27
474 1
475 5
476 23
477 13
478 22
479 55
480 28
481 16
482 36
483 18
484 26
485 65
486 46
487 17
488 35
489 35
490 21
491 66
492 59
493 41
494 30
495 24
496 11
497 38
498 53
499 33
500 42
501 31
502 43
503 9
504 4
505 16
506 50
507 38
508 3
509 45
510 44
511 21
512 31
513 2
514 20
515 60
516 37
517 18
518 41
519 10
520 1
521 36
522 7
523 33
524 1
525 37
526 4
527 10
528 14
529 7
530 29
531 19
532 10
533 4
534 20
535 44
536 59
537 34
538 17
539 7
540 45
541 20
542 23
543 26
544 23
545 21
546 55
547 0
548 50
549 29
550 43
551 14
552 19
553 6
554 25
555 11
556 28
557 42
558 13
559 64
560 46
561 36
562 3
563 17
564 42
565 39
566 22
567 64
568 37
569 43
570 58
571 22
572 8
573 34
574 27
575 1
576 33
577 21
578 52
579 18
580 37
581 31
582 7
583 5
584 16
585 45
586 32
587 31
588 50
589 43
590 49
591 60
592 60
593 23
594 23
595 41
596 4
597 48
598 45
599 22
